# JRE version: OpenJDK Runtime Environment (8.0_65-b17) (build 1.8.0_65-b17)
# Java VM: OpenJDK 64-Bit Server VM (25.65-b01 mixed mode linux-amd64 compressed oops)
Heap:
 def new generation   total 314560K, used 102510K [0x00000000c0000000, 0x00000000d5550000, 0x00000000d5550000)
  eden space 279616K,  24% used [0x00000000c0000000, 0x00000000c41fbae0, 0x00000000d1110000)
  from space 34944K, 100% used [0x00000000d1110000, 0x00000000d3330000, 0x00000000d3330000)
  to   space 34944K,   0% used [0x00000000d3330000, 0x00000000d3330000, 0x00000000d5550000)
 tenured generation   total 699072K, used 147501K [0x00000000d5550000, 0x0000000100000000, 0x0000000100000000)
   the space 699072K,  21% used [0x00000000d5550000, 0x00000000de55b788, 0x00000000de55b800, 0x0000000100000000)
 Metaspace       used 121118K, capacity 121721K, committed 121984K, reserved 1150976K
  class space    used 20404K, capacity 20591K, committed 20608K, reserved 1048576K
GC Heap History (10 events):
Event: 744.624 GC heap before
{Heap before GC invocations=9 (full 1):
 def new generation   total 314560K, used 296445K [0x00000000c0000000, 0x00000000d5550000, 0x00000000d5550000)
  eden space 279616K, 100% used [0x00000000c0000000, 0x00000000d1110000, 0x00000000d1110000)
  from space 34944K,  48% used [0x00000000d1110000, 0x00000000d217f610, 0x00000000d3330000)
  to   space 34944K,   0% used [0x00000000d3330000, 0x00000000d3330000, 0x00000000d5550000)
 tenured generation   total 699072K, used 96089K [0x00000000d5550000, 0x0000000100000000, 0x0000000100000000)
   the space 699072K,  13% used [0x00000000d5550000, 0x00000000db326548, 0x00000000db326600, 0x0000000100000000)
 Metaspace       used 75540K, capacity 76012K, committed 76416K, reserved 1112064K
  class space    used 13108K, capacity 13315K, committed 13440K, reserved 1048576K
Event: 744.654 GC heap after
Heap after GC invocations=10 (full 1):
 def new generation   total 314560K, used 15047K [0x00000000c0000000, 0x00000000d5550000, 0x00000000d5550000)
  eden space 279616K,   0% used [0x00000000c0000000, 0x00000000c0000000, 0x00000000d1110000)
  from space 34944K,  43% used [0x00000000d3330000, 0x00000000d41e1e18, 0x00000000d5550000)
  to   space 34944K,   0% used [0x00000000d1110000, 0x00000000d1110000, 0x00000000d3330000)
 tenured generation   total 699072K, used 96089K [0x00000000d5550000, 0x0000000100000000, 0x0000000100000000)
   the space 699072K,  13% used [0x00000000d5550000, 0x00000000db326548, 0x00000000db326600, 0x0000000100000000)
 Metaspace       used 75540K, capacity 76012K, committed 76416K, reserved 1112064K
  class space    used 13108K, capacity 13315K, committed 13440K, reserved 1048576K
}
Event: 821.317 GC heap before
{Heap before GC invocations=10 (full 1):
 def new generation   total 314560K, used 294663K [0x00000000c0000000, 0x00000000d5550000, 0x00000000d5550000)
  eden space 279616K, 100% used [0x00000000c0000000, 0x00000000d1110000, 0x00000000d1110000)
  from space 34944K,  43% used [0x00000000d3330000, 0x00000000d41e1e18, 0x00000000d5550000)
  to   space 34944K,   0% used [0x00000000d1110000, 0x00000000d1110000, 0x00000000d3330000)
 tenured generation   total 699072K, used 96089K [0x00000000d5550000, 0x0000000100000000, 0x0000000100000000)
   the space 699072K,  13% used [0x00000000d5550000, 0x00000000db326548, 0x00000000db326600, 0x0000000100000000)
 Metaspace       used 75581K, capacity 76140K, committed 76416K, reserved 1112064K
  class space    used 13108K, capacity 13315K, committed 13440K, reserved 1048576K
Event: 821.343 GC heap after
Heap after GC invocations=11 (full 1):
 def new generation   total 314560K, used 15248K [0x00000000c0000000, 0x00000000d5550000, 0x00000000d5550000)
  eden space 279616K,   0% used [0x00000000c0000000, 0x00000000c0000000, 0x00000000d1110000)
  from space 34944K,  43% used [0x00000000d1110000, 0x00000000d1ff41d0, 0x00000000d3330000)
  to   space 34944K,   0% used [0x00000000d3330000, 0x00000000d3330000, 0x00000000d5550000)
 tenured generation   total 699072K, used 96089K [0x00000000d5550000, 0x0000000100000000, 0x0000000100000000)
   the space 699072K,  13% used [0x00000000d5550000, 0x00000000db326548, 0x00000000db326600, 0x0000000100000000)
 Metaspace       used 75581K, capacity 76140K, committed 76416K, reserved 1112064K
  class space    used 13108K, capacity 13315K, committed 13440K, reserved 1048576K
}
Event: 878.264 GC heap before
{Heap before GC invocations=11 (full 1):
 def new generation   total 314560K, used 294864K [0x00000000c0000000, 0x00000000d5550000, 0x00000000d5550000)
  eden space 279616K, 100% used [0x00000000c0000000, 0x00000000d1110000, 0x00000000d1110000)
  from space 34944K,  43% used [0x00000000d1110000, 0x00000000d1ff41d0, 0x00000000d3330000)
  to   space 34944K,   0% used [0x00000000d3330000, 0x00000000d3330000, 0x00000000d5550000)
 tenured generation   total 699072K, used 96089K [0x00000000d5550000, 0x0000000100000000, 0x0000000100000000)
   the space 699072K,  13% used [0x00000000d5550000, 0x00000000db326548, 0x00000000db326600, 0x0000000100000000)
 Metaspace       used 80535K, capacity 81148K, committed 81280K, reserved 1116160K
  class space    used 13981K, capacity 14195K, committed 14208K, reserved 1048576K
Event: 878.301 GC heap after
Heap after GC invocations=12 (full 1):
 def new generation   total 314560K, used 21051K [0x00000000c0000000, 0x00000000d5550000, 0x00000000d5550000)
  eden space 279616K,   0% used [0x00000000c0000000, 0x00000000c0000000, 0x00000000d1110000)
  from space 34944K,  60% used [0x00000000d3330000, 0x00000000d47bed30, 0x00000000d5550000)
  to   space 34944K,   0% used [0x00000000d1110000, 0x00000000d1110000, 0x00000000d3330000)
 tenured generation   total 699072K, used 96089K [0x00000000d5550000, 0x0000000100000000, 0x0000000100000000)
   the space 699072K,  13% used [0x00000000d5550000, 0x00000000db326548, 0x00000000db326600, 0x0000000100000000)
 Metaspace       used 80535K, capacity 81148K, committed 81280K, reserved 1116160K
  class space    used 13981K, capacity 14195K, committed 14208K, reserved 1048576K
}
Event: 1554.215 GC heap before
{Heap before GC invocations=12 (full 1):
 def new generation   total 314560K, used 284842K [0x00000000c0000000, 0x00000000d5550000, 0x00000000d5550000)
  eden space 279616K,  94% used [0x00000000c0000000, 0x00000000d019beb0, 0x00000000d1110000)
  from space 34944K,  60% used [0x00000000d3330000, 0x00000000d47bed30, 0x00000000d5550000)
  to   space 34944K,   0% used [0x00000000d1110000, 0x00000000d1110000, 0x00000000d3330000)
 tenured generation   total 699072K, used 96089K [0x00000000d5550000, 0x0000000100000000, 0x0000000100000000)
   the space 699072K,  13% used [0x00000000d5550000, 0x00000000db326548, 0x00000000db326600, 0x0000000100000000)
 Metaspace       used 108334K, capacity 108980K, committed 109228K, reserved 1140736K
  class space    used 18692K, capacity 18907K, committed 18944K, reserved 1048576K
Event: 1554.629 GC heap after
Heap after GC invocations=13 (full 2):
 def new generation   total 314560K, used 0K [0x00000000c0000000, 0x00000000d5550000, 0x00000000d5550000)
  eden space 279616K,   0% used [0x00000000c0000000, 0x00000000c0000000, 0x00000000d1110000)
  from space 34944K,   0% used [0x00000000d3330000, 0x00000000d3330000, 0x00000000d5550000)
  to   space 34944K,   0% used [0x00000000d1110000, 0x00000000d1110000, 0x00000000d3330000)
 tenured generation   total 699072K, used 132275K [0x00000000d5550000, 0x0000000100000000, 0x0000000100000000)
   the space 699072K,  18% used [0x00000000d5550000, 0x00000000dd67cf10, 0x00000000dd67d000, 0x0000000100000000)
 Metaspace       used 107077K, capacity 107704K, committed 109228K, reserved 1140736K
  class space    used 18534K, capacity 18735K, committed 18944K, reserved 1048576K
}
Event: 1569.614 GC heap before
{Heap before GC invocations=13 (full 2):
 def new generation   total 314560K, used 279616K [0x00000000c0000000, 0x00000000d5550000, 0x00000000d5550000)
  eden space 279616K, 100% used [0x00000000c0000000, 0x00000000d1110000, 0x00000000d1110000)
  from space 34944K,   0% used [0x00000000d3330000, 0x00000000d3330000, 0x00000000d5550000)
  to   space 34944K,   0% used [0x00000000d1110000, 0x00000000d1110000, 0x00000000d3330000)
 tenured generation   total 699072K, used 132275K [0x00000000d5550000, 0x0000000100000000, 0x0000000100000000)
   the space 699072K,  18% used [0x00000000d5550000, 0x00000000dd67cf10, 0x00000000dd67d000, 0x0000000100000000)
 Metaspace       used 119831K, capacity 120441K, committed 120832K, reserved 1148928K
  class space    used 20219K, capacity 20399K, committed 20480K, reserved 1048576K
Event: 1570.063 GC heap after
Heap after GC invocations=14 (full 2):
 def new generation   total 314560K, used 34944K [0x00000000c0000000, 0x00000000d5550000, 0x00000000d5550000)
  eden space 279616K,   0% used [0x00000000c0000000, 0x00000000c0000000, 0x00000000d1110000)
  from space 34944K, 100% used [0x00000000d1110000, 0x00000000d3330000, 0x00000000d3330000)
  to   space 34944K,   0% used [0x00000000d3330000, 0x00000000d3330000, 0x00000000d5550000)
 tenured generation   total 699072K, used 147501K [0x00000000d5550000, 0x0000000100000000, 0x0000000100000000)
   the space 699072K,  21% used [0x00000000d5550000, 0x00000000de55b788, 0x00000000de55b800, 0x0000000100000000)
 Metaspace       used 119831K, capacity 120441K, committed 120832K, reserved 1148928K
  class space    used 20219K, capacity 20399K, committed 20480K, reserved 1048576K
}

